<?xml version="1.0" encoding="UTF-8"?>
<!-- Generated by org.testng.reporters.JUnitReportReporter -->
<testsuite hostname="Kieu-Nguyen" failures="0" tests="2" name="tests.LoginTest" time="7.077" errors="0" timestamp="2025-01-08T22:30:59 EST" skipped="0">
  <testcase classname="tests.LoginTest" name="invalidLogin_emptyUserNameTest" time="4.536"/>
  <testcase classname="tests.LoginTest" name="validLoginTest" time="2.541"/>
</testsuite> <!-- tests.LoginTest -->
